#-----------------------------------------------------------
# Vivado v2024.2 (64-bit)
# SW Build 5239630 on Fri Nov 08 22:35:27 MST 2024
# IP Build 5239520 on Sun Nov 10 16:12:51 MST 2024
# SharedData Build 5239561 on Fri Nov 08 14:39:27 MST 2024
# Start of session at: Wed Apr 16 02:03:54 2025
# Process ID         : 5716
# Current directory  : C:/Users/LENOVO/Desktop/Project-main/Project-main/hw/uart/uart_project
# Command line       : vivado.exe -gui_launcher_event rodinguilauncherevent9548 C:\Users\LENOVO\Desktop\Project-main\Project-main\hw\uart\uart_project\uart_project.xpr
# Log file           : C:/Users/LENOVO/Desktop/Project-main/Project-main/hw/uart/uart_project/vivado.log
# Journal file       : C:/Users/LENOVO/Desktop/Project-main/Project-main/hw/uart/uart_project\vivado.jou
# Running On         : sudescmptr
# Platform           : Windows Server 2016 or Windows 10
# Operating System   : 22631
# Processor Detail   : Intel(R) Core(TM) i7-10750H CPU @ 2.60GHz
# CPU Frequency      : 2592 MHz
# CPU Physical cores : 6
# CPU Logical cores  : 12
# Host memory        : 17041 MB
# Swap memory        : 3221 MB
# Total Virtual      : 20262 MB
# Available Virtual  : 4000 MB
#-----------------------------------------------------------
start_gui
open_project C:/Users/LENOVO/Desktop/Project-main/Project-main/hw/uart/uart_project/uart_project.xpr
INFO: [Project 1-313] Project file moved from 'C:/Users/Asus/Desktop/Project/hw/uart/uart_project' since last save.
INFO: [filemgmt 56-3] Default IP Output Path : Could not find the directory 'C:/Users/LENOVO/Desktop/Project-main/Project-main/hw/uart/uart_project/uart_project.gen/sources_1'.
WARNING: [filemgmt 56-3] IPUserFilesDir: Could not find the directory 'C:/Users/LENOVO/Desktop/Project-main/Project-main/hw/uart/uart_project/uart_project.ip_user_files'.
Scanning sources...
Finished scanning sources
INFO: [IP_Flow 19-234] Refreshing IP repositories
INFO: [IP_Flow 19-1704] No user IP repositories specified
INFO: [IP_Flow 19-2313] Loaded Vivado IP repository 'C:/Xilinx/Vivado/2024.2/data/ip'.
exit
INFO: [Common 17-206] Exiting Vivado at Wed Apr 16 03:15:43 2025...
