#-----------------------------------------------------------
# Vivado v2024.2 (64-bit)
# SW Build 5239630 on Fri Nov 08 22:35:27 MST 2024
# IP Build 5239520 on Sun Nov 10 16:12:51 MST 2024
# SharedData Build 5239561 on Fri Nov 08 14:39:27 MST 2024
# Start of session at: Mon Apr 21 11:48:24 2025
# Process ID         : 14652
# Current directory  : C:/Users/LENOVO/project_startracker/hw/uart02
# Command line       : vivado.exe -gui_launcher_event rodinguilauncherevent33484 C:\Users\LENOVO\project_startracker\hw\uart02\uart.xpr
# Log file           : C:/Users/LENOVO/project_startracker/hw/uart02/vivado.log
# Journal file       : C:/Users/LENOVO/project_startracker/hw/uart02\vivado.jou
# Running On         : sudescmptr
# Platform           : Windows Server 2016 or Windows 10
# Operating System   : 22631
# Processor Detail   : Intel(R) Core(TM) i7-10750H CPU @ 2.60GHz
# CPU Frequency      : 2592 MHz
# CPU Physical cores : 6
# CPU Logical cores  : 12
# Host memory        : 17041 MB
# Swap memory        : 3221 MB
# Total Virtual      : 20262 MB
# Available Virtual  : 5295 MB
#-----------------------------------------------------------
start_gui
open_project C:/Users/LENOVO/project_startracker/hw/uart02/uart.xpr
INFO: [filemgmt 56-3] Default IP Output Path : Could not find the directory 'C:/Users/LENOVO/project_startracker/hw/uart02/uart.gen/sources_1'.
Scanning sources...
Finished scanning sources
INFO: [IP_Flow 19-234] Refreshing IP repositories
INFO: [IP_Flow 19-1704] No user IP repositories specified
INFO: [IP_Flow 19-2313] Loaded Vivado IP repository 'C:/Xilinx/Vivado/2024.2/data/ip'.
update_compile_order -fileset sources_1
reset_run synth_1
INFO: [Project 1-1161] Replacing file C:/Users/LENOVO/project_startracker/hw/uart02/uart.srcs/utils_1/imports/synth_1/uart.dcp with file C:/Users/LENOVO/project_startracker/hw/uart02/uart.runs/synth_1/uart.dcp
launch_runs synth_1 -jobs 6
[Mon Apr 21 11:49:09 2025] Launched synth_1...
Run output will be captured here: C:/Users/LENOVO/project_startracker/hw/uart02/uart.runs/synth_1/runme.log
reset_run synth_1
INFO: [Project 1-1161] Replacing file C:/Users/LENOVO/project_startracker/hw/uart02/uart.srcs/utils_1/imports/synth_1/uart.dcp with file C:/Users/LENOVO/project_startracker/hw/uart02/uart.runs/synth_1/uart.dcp
launch_runs synth_1 -jobs 6
[Mon Apr 21 11:52:00 2025] Launched synth_1...
Run output will be captured here: C:/Users/LENOVO/project_startracker/hw/uart02/uart.runs/synth_1/runme.log
launch_runs impl_1 -jobs 6
[Mon Apr 21 11:52:31 2025] Launched impl_1...
Run output will be captured here: C:/Users/LENOVO/project_startracker/hw/uart02/uart.runs/impl_1/runme.log
open_run impl_1
INFO: [Device 21-403] Loading part xc7z020clg400-1
WARNING: [filemgmt 56-199] Attempt to get parsing info during refresh. "On-the-fly" syntax checking information may be incorrect. [C:\Users\LENOVO\project_startracker\hw\uart02\uart.srcs\sources_1\new\uart.v:]
WARNING: [filemgmt 56-199] Attempt to get parsing info during refresh. "On-the-fly" syntax checking information may be incorrect. [C:\Users\LENOVO\project_startracker\hw\uart02\uart.srcs\sim_1\new\uart_tb.v:]
WARNING: [filemgmt 56-199] Attempt to get parsing info during refresh. "On-the-fly" syntax checking information may be incorrect. [C:\Users\LENOVO\project_startracker\hw\uart02\uart.srcs\sim_1\new\uart_tb.v:]
WARNING: [filemgmt 56-199] Attempt to get parsing info during refresh. "On-the-fly" syntax checking information may be incorrect. [C:\Users\LENOVO\project_startracker\hw\uart02\uart.srcs\sim_1\new\uart_tb.v:]
ERROR: [Common 17-180] Spawn failed: No error
Netlist sorting complete. Time (s): cpu = 00:00:00 ; elapsed = 00:00:00.001 . Memory (MB): peak = 1458.547 ; gain = 0.000
INFO: [Netlist 29-17] Analyzing 4 Unisim elements for replacement
INFO: [Netlist 29-28] Unisim Transformation completed in 0 CPU seconds
INFO: [Project 1-479] Netlist was created with Vivado 2024.2
INFO: [Project 1-570] Preparing netlist for logic optimization
Read ShapeDB Complete: Time (s): cpu = 00:00:00 ; elapsed = 00:00:00.003 . Memory (MB): peak = 1552.289 ; gain = 0.074
INFO: [Designutils 20-5722] Start Reading Physical Databases.
Reading placement.
Read Netlist Cache: Time (s): cpu = 00:00:00 ; elapsed = 00:00:00 . Memory (MB): peak = 1553.168 ; gain = 0.000
Reading placer database...
Read Device Cache: Time (s): cpu = 00:00:00 ; elapsed = 00:00:00.013 . Memory (MB): peak = 1556.633 ; gain = 3.465
Read PlaceDB: Time (s): cpu = 00:00:00 ; elapsed = 00:00:00.006 . Memory (MB): peak = 1557.164 ; gain = 0.211
Read PulsedLatchDB: Time (s): cpu = 00:00:00 ; elapsed = 00:00:00 . Memory (MB): peak = 1557.164 ; gain = 0.000
Reading routing.
Read RouteStorage: Time (s): cpu = 00:00:00 ; elapsed = 00:00:00.012 . Memory (MB): peak = 1559.777 ; gain = 2.613
Read Physdb Files: Time (s): cpu = 00:00:00 ; elapsed = 00:00:00.040 . Memory (MB): peak = 1559.781 ; gain = 6.613
Restored from archive | CPU: 0.000000 secs | Memory: 0.000000 MB |
Finished XDEF File Restore: Time (s): cpu = 00:00:00 ; elapsed = 00:00:00.040 . Memory (MB): peak = 1559.781 ; gain = 6.613
Netlist sorting complete. Time (s): cpu = 00:00:00 ; elapsed = 00:00:00 . Memory (MB): peak = 1961.445 ; gain = 0.000
INFO: [Project 1-111] Unisim Transformation Summary:
No Unisim elements were transformed.

open_run: Time (s): cpu = 00:00:08 ; elapsed = 00:00:10 . Memory (MB): peak = 2300.902 ; gain = 1067.570
ERROR: [Common 17-39] 'open_run' failed due to earlier errors.
update_compile_order -fileset sim_1
WARNING: [filemgmt 56-199] Attempt to get parsing info during refresh. "On-the-fly" syntax checking information may be incorrect. [C:\Users\LENOVO\project_startracker\hw\uart02\uart.srcs\sources_1\new\uart.v:]
WARNING: [filemgmt 56-199] Attempt to get parsing info during refresh. "On-the-fly" syntax checking information may be incorrect. [C:\Users\LENOVO\project_startracker\hw\uart02\uart.srcs\sim_1\new\uart_tb.v:]
WARNING: [filemgmt 56-199] Attempt to get parsing info during refresh. "On-the-fly" syntax checking information may be incorrect. [C:\Users\LENOVO\project_startracker\hw\uart02\uart.srcs\sim_1\new\uart_tb.v:]
WARNING: [filemgmt 56-199] Attempt to get parsing info during refresh. "On-the-fly" syntax checking information may be incorrect. [C:\Users\LENOVO\project_startracker\hw\uart02\uart.srcs\sim_1\new\uart_tb.v:]
ERROR: [Common 17-180] Spawn failed: No error
WARNING: [filemgmt 56-199] Attempt to get parsing info during refresh. "On-the-fly" syntax checking information may be incorrect. [C:\Users\LENOVO\project_startracker\hw\uart02\uart.srcs\sources_1\new\uart.v:]
WARNING: [filemgmt 56-199] Attempt to get parsing info during refresh. "On-the-fly" syntax checking information may be incorrect. [C:\Users\LENOVO\project_startracker\hw\uart02\uart.srcs\sim_1\new\uart_tb.v:]
WARNING: [filemgmt 56-199] Attempt to get parsing info during refresh. "On-the-fly" syntax checking information may be incorrect. [C:\Users\LENOVO\project_startracker\hw\uart02\uart.srcs\sim_1\new\uart_tb.v:]
WARNING: [filemgmt 56-199] Attempt to get parsing info during refresh. "On-the-fly" syntax checking information may be incorrect. [C:\Users\LENOVO\project_startracker\hw\uart02\uart.srcs\sim_1\new\uart_tb.v:]
ERROR: [Common 17-180] Spawn failed: No error
close_project
open_project C:/Users/LENOVO/uart_11/uart_11.xpr
INFO: [filemgmt 56-3] Default IP Output Path : Could not find the directory 'C:/Users/LENOVO/uart_11/uart_11.gen/sources_1'.
Scanning sources...
Finished scanning sources
INFO: [IP_Flow 19-234] Refreshing IP repositories
INFO: [IP_Flow 19-1704] No user IP repositories specified
INFO: [IP_Flow 19-2313] Loaded Vivado IP repository 'C:/Xilinx/Vivado/2024.2/data/ip'.
update_compile_order -fileset sources_1
exit
INFO: [Common 17-206] Exiting Vivado at Mon Apr 21 11:56:40 2025...
